<?xml version="1.0" encoding="utf-8"?><testsuites name="pytest tests"><testsuite name="pytest" errors="0" failures="2" skipped="0" tests="70" time="104.692" timestamp="2026-06-14T17:13:39.312997+00:00" hostname="agent-env-dea57316-5616-4353-a1a1-85ace0700ea9"><testcase classname="backend.tests.test_eva_backend.TestAuth" name="test_register_login_me" time="0.580" /><testcase classname="backend.tests.test_eva_backend.TestAuth" name="test_login_again" time="0.355" /><testcase classname="backend.tests.test_eva_backend.TestAuth" name="test_patch_me_currency" time="0.091" /><testcase classname="backend.tests.test_eva_backend.TestCategories" name="test_default_seed_includes_keywords" time="0.049" /><testcase classname="backend.tests.test_eva_backend.TestCategories" name="test_create_and_patch_category_persists_new_fields" time="0.204" /><testcase classname="backend.tests.test_eva_backend.TestBankLinking" name="test_link_spuerkeess_returns_no_token" time="0.049" /><testcase classname="backend.tests.test_eva_backend.TestBankLinking" name="test_list_accounts_excludes_token" time="0.046" /><testcase classname="backend.tests.test_eva_backend.TestBankLinking" name="test_relink_deactivates_previous" time="0.099" /><testcase classname="backend.tests.test_eva_backend.TestBankLinking" name="test_delete_account_deactivates" time="0.141" /><testcase classname="backend.tests.test_eva_backend.TestBankSync" name="test_sync_without_accounts_returns_400" time="0.486" /><testcase classname="backend.tests.test_eva_backend.TestBankSync" name="test_first_sync_ingests_7" time="1.244" /><testcase classname="backend.tests.test_eva_backend.TestBankSync" name="test_revolut_sync_error_surfaces" time="0.404" /><testcase classname="backend.tests.test_eva_backend.TestTaxEngine" name="test_process_taxes_spuerkeess" time="0.209" /><testcase classname="backend.tests.test_eva_backend.TestTaxEngine" name="test_repetition_increments_rate_for_coffee" time="0.051" /><testcase classname="backend.tests.test_eva_backend.TestTaxEngine" name="test_daily_cap_skips_second_coffee" time="1.038" /><testcase classname="backend.tests.test_eva_backend.TestActivity" name="test_activity_can_override_flag" time="0.051" /><testcase classname="backend.tests.test_eva_backend.TestOverride" name="test_override_decrements_bucket" time="0.242" /><testcase classname="backend.tests.test_eva_backend.TestOverride" name="test_override_unknown_event_404" time="0.049" /><testcase classname="backend.tests.test_eva_backend.TestTransfer" name="test_transfer_marks_pending_transferred" time="0.046"><failure message="assert 0 &gt;= 1">E   assert 0 &gt;= 1</failure></testcase><testcase classname="backend.tests.test_eva_backend.TestTransfer" name="test_transfer_no_pending_returns_zero" time="0.046" /><testcase classname="backend.tests.test_eva_backend.TestInsights" name="test_summary_excludes_overridden" time="0.048" /><testcase classname="backend.tests.test_eva_backend.TestRemovedLegacy" name="test_post_transactions_removed" time="0.044" /><testcase classname="backend.tests.test_eva_backend.TestRemovedLegacy" name="test_get_transactions_removed" time="0.044" /><testcase classname="backend.tests.test_eva_backend.TestBucketsRegression" name="test_bucket_crud_and_default_swap" time="0.228" /><testcase classname="backend.tests.test_iteration4.TestEthicalPenaltyCategory" name="test_default_ethical_penalty_seeded" time="0.442" /><testcase classname="backend.tests.test_iteration4.TestSettings" name="test_get_settings_defaults" time="0.445"><failure message="AssertionError: assert {'pause_all_t...run_at': None} == {'pause_all_t...y': 'instant'}&#10;  &#10;  Omitting 3 identical items, use -vv to show&#10;  Left contains 1 more item:&#10;  {'transfer_last_run_at': None}&#10;  Use -v to get more diff">E   AssertionError: assert {'pause_all_t...run_at': None} == {'pause_all_t...y': 'instant'}
      
      Omitting 3 identical items, use -vv to show
      Left contains 1 more item:
      {'transfer_last_run_at': None}
      Use -v to get more diff</failure></testcase><testcase classname="backend.tests.test_iteration4.TestSettings" name="test_patch_profile_accepts_all[balanced]" time="0.517" /><testcase classname="backend.tests.test_iteration4.TestSettings" name="test_patch_profile_accepts_all[aggressive]" time="0.570" /><testcase classname="backend.tests.test_iteration4.TestSettings" name="test_patch_profile_accepts_all[ethical]" time="0.514" /><testcase classname="backend.tests.test_iteration4.TestSettings" name="test_patch_profile_accepts_all[mindful]" time="0.543" /><testcase classname="backend.tests.test_iteration4.TestSettings" name="test_patch_profile_accepts_all[savings_beast]" time="0.619" /><testcase classname="backend.tests.test_iteration4.TestSettings" name="test_patch_transfer_frequency[instant]" time="0.416" /><testcase classname="backend.tests.test_iteration4.TestSettings" name="test_patch_transfer_frequency[daily]" time="0.419" /><testcase classname="backend.tests.test_iteration4.TestSettings" name="test_patch_transfer_frequency[weekly]" time="0.441" /><testcase classname="backend.tests.test_iteration4.TestSettings" name="test_patch_pause_all_taxes" time="0.436" /><testcase classname="backend.tests.test_iteration4.TestSettings" name="test_patch_invalid_profile_rejected" time="0.421" /><testcase classname="backend.tests.test_iteration4.TestSettings" name="test_patch_invalid_frequency_rejected" time="0.430" /><testcase classname="backend.tests.test_iteration4.TestProfileMultipliers" name="test_aggressive_coffee_rates" time="1.948" /><testcase classname="backend.tests.test_iteration4.TestProfileMultipliers" name="test_mindful_coffee_rates" time="1.949" /><testcase classname="backend.tests.test_iteration4.TestProfileMultipliers" name="test_ethical_coffee_unaffected" time="2.070" /><testcase classname="backend.tests.test_iteration4.TestEthicalPenaltyPrecedence" name="test_mcdonalds_routed_to_ethical_penalty_under_ethical_profile" time="1.959" /><testcase classname="backend.tests.test_iteration4.TestEthicalPenaltyPrecedence" name="test_mcdonalds_routed_to_fast_food_under_balanced" time="1.836" /><testcase classname="backend.tests.test_iteration4.TestSavingsBeast" name="test_auto_transfer_triggered" time="2.032" /><testcase classname="backend.tests.test_iteration4.TestPauseAllTaxes" name="test_pause_short_circuits_process" time="1.962" /><testcase classname="backend.tests.test_iteration4.TestProfileAppliedPersistence" name="test_profile_applied_on_each_event" time="1.937" /><testcase classname="backend.tests.test_iteration4.TestInsightsProfileType" name="test_summary_includes_profile_type" time="0.511" /><testcase classname="backend.tests.test_iteration4.TestRevolutOAuth" name="test_revolut_link_without_token_returns_consent_url" time="0.540" /><testcase classname="backend.tests.test_iteration4.TestRevolutOAuth" name="test_revolut_link_with_token_active_legacy_path" time="0.555" /><testcase classname="backend.tests.test_iteration5.TestDefaultDestination" name="test_seeded_default_destination" time="0.370" /><testcase classname="backend.tests.test_iteration5.TestDestinationsCRUD" name="test_create_with_valid_currency" time="0.045" /><testcase classname="backend.tests.test_iteration5.TestDestinationsCRUD" name="test_create_rejects_invalid_currency" time="0.045" /><testcase classname="backend.tests.test_iteration5.TestDestinationsCRUD" name="test_patch_is_default_unsets_others" time="0.131" /><testcase classname="backend.tests.test_iteration5.TestDestinationsCRUD" name="test_delete_default_promotes_another" time="0.173" /><testcase classname="backend.tests.test_iteration5.TestNoRetroactive" name="test_first_sync_ingests_7_no_retroactive" time="0.475" /><testcase classname="backend.tests.test_iteration5.TestNoRetroactive" name="test_second_sync_dedups" time="0.047" /><testcase classname="backend.tests.test_iteration5.TestNoRetroactive" name="test_filter_boundary_directly" time="0.005" /><testcase classname="backend.tests.test_iteration5.TestNoRetroactive" name="test_stub_timestamps_post_connection" time="0.004" /><testcase classname="backend.tests.test_iteration5.TestSourceAwareAndGroupedTransfers" name="test_raw_and_tax_events_have_source" time="0.637" /><testcase classname="backend.tests.test_iteration5.TestSourceAwareAndGroupedTransfers" name="test_instant_transfer_two_groups" time="0.000" /><testcase classname="backend.tests.test_iteration5.TestSourceAwareAndGroupedTransfers" name="test_tax_transfers_doc_shape" time="0.003" /><testcase classname="backend.tests.test_iteration5.TestSourceAwareAndGroupedTransfers" name="test_tax_events_carry_transfer_fields" time="0.002" /><testcase classname="backend.tests.test_iteration5.TestRequiresReview" name="test_no_destination_triggers_review" time="0.659" /><testcase classname="backend.tests.test_iteration5.TestScheduler" name="test_scheduler_manual_daily" time="0.740" /><testcase classname="backend.tests.test_iteration5.TestMonthlyReports" name="test_monthly_json_shape" time="0.046" /><testcase classname="backend.tests.test_iteration5.TestMonthlyReports" name="test_monthly_invalid_month" time="0.086" /><testcase classname="backend.tests.test_iteration5.TestMonthlyReports" name="test_monthly_csv_export" time="0.047" /><testcase classname="backend.tests.test_iteration5.TestLegacyTaxTransfer" name="test_legacy_endpoint_delegates" time="0.637" /><testcase classname="backend.tests.test_iteration5.TestSettingsShape" name="test_settings_returns_transfer_last_run_at" time="0.044" /><testcase classname="backend.tests.test_stub_determinism" name="test_spuerkeess_stub_deterministic_same_second" time="69.952" /><testcase classname="backend.tests.test_stub_determinism" name="test_daily_cap_only_first_coffee_taxed" time="1.021" /></testsuite></testsuites>