<?xml version="1.0" encoding="utf-8"?><testsuites name="pytest tests"><testsuite name="pytest" errors="0" failures="0" skipped="0" tests="50" time="31.994" timestamp="2026-06-14T13:27:51.616184+00:00" hostname="agent-env-dea57316-5616-4353-a1a1-85ace0700ea9"><testcase classname="tests.test_eva_backend.TestAuth" name="test_register_login_me" time="0.562" /><testcase classname="tests.test_eva_backend.TestAuth" name="test_login_again" time="0.354" /><testcase classname="tests.test_eva_backend.TestAuth" name="test_patch_me_currency" time="0.140" /><testcase classname="tests.test_eva_backend.TestCategories" name="test_default_seed_includes_keywords" time="0.045" /><testcase classname="tests.test_eva_backend.TestCategories" name="test_create_and_patch_category_persists_new_fields" time="0.187" /><testcase classname="tests.test_eva_backend.TestBankLinking" name="test_link_spuerkeess_returns_no_token" time="0.050" /><testcase classname="tests.test_eva_backend.TestBankLinking" name="test_list_accounts_excludes_token" time="0.045" /><testcase classname="tests.test_eva_backend.TestBankLinking" name="test_relink_deactivates_previous" time="0.091" /><testcase classname="tests.test_eva_backend.TestBankLinking" name="test_delete_account_deactivates" time="0.139" /><testcase classname="tests.test_eva_backend.TestBankSync" name="test_sync_without_accounts_returns_400" time="0.455" /><testcase classname="tests.test_eva_backend.TestBankSync" name="test_first_sync_ingests_7" time="1.276" /><testcase classname="tests.test_eva_backend.TestBankSync" name="test_revolut_sync_error_surfaces" time="0.405" /><testcase classname="tests.test_eva_backend.TestTaxEngine" name="test_process_taxes_spuerkeess" time="0.254" /><testcase classname="tests.test_eva_backend.TestTaxEngine" name="test_repetition_increments_rate_for_coffee" time="0.044" /><testcase classname="tests.test_eva_backend.TestTaxEngine" name="test_daily_cap_skips_second_coffee" time="1.150" /><testcase classname="tests.test_eva_backend.TestActivity" name="test_activity_can_override_flag" time="0.044" /><testcase classname="tests.test_eva_backend.TestOverride" name="test_override_decrements_bucket" time="0.309" /><testcase classname="tests.test_eva_backend.TestOverride" name="test_override_unknown_event_404" time="0.044" /><testcase classname="tests.test_eva_backend.TestTransfer" name="test_transfer_marks_pending_transferred" time="0.045" /><testcase classname="tests.test_eva_backend.TestTransfer" name="test_transfer_no_pending_returns_zero" time="0.047" /><testcase classname="tests.test_eva_backend.TestInsights" name="test_summary_excludes_overridden" time="0.047" /><testcase classname="tests.test_eva_backend.TestRemovedLegacy" name="test_post_transactions_removed" time="0.042" /><testcase classname="tests.test_eva_backend.TestRemovedLegacy" name="test_get_transactions_removed" time="0.042" /><testcase classname="tests.test_eva_backend.TestBucketsRegression" name="test_bucket_crud_and_default_swap" time="0.226" /><testcase classname="tests.test_iteration4.TestEthicalPenaltyCategory" name="test_default_ethical_penalty_seeded" time="0.426" /><testcase classname="tests.test_iteration4.TestSettings" name="test_get_settings_defaults" time="0.416" /><testcase classname="tests.test_iteration4.TestSettings" name="test_patch_profile_accepts_all[balanced]" time="0.502" /><testcase classname="tests.test_iteration4.TestSettings" name="test_patch_profile_accepts_all[aggressive]" time="0.573" /><testcase classname="tests.test_iteration4.TestSettings" name="test_patch_profile_accepts_all[ethical]" time="0.507" /><testcase classname="tests.test_iteration4.TestSettings" name="test_patch_profile_accepts_all[mindful]" time="0.520" /><testcase classname="tests.test_iteration4.TestSettings" name="test_patch_profile_accepts_all[savings_beast]" time="0.514" /><testcase classname="tests.test_iteration4.TestSettings" name="test_patch_transfer_frequency[instant]" time="0.433" /><testcase classname="tests.test_iteration4.TestSettings" name="test_patch_transfer_frequency[daily]" time="0.449" /><testcase classname="tests.test_iteration4.TestSettings" name="test_patch_transfer_frequency[weekly]" time="0.416" /><testcase classname="tests.test_iteration4.TestSettings" name="test_patch_pause_all_taxes" time="0.417" /><testcase classname="tests.test_iteration4.TestSettings" name="test_patch_invalid_profile_rejected" time="0.413" /><testcase classname="tests.test_iteration4.TestSettings" name="test_patch_invalid_frequency_rejected" time="0.411" /><testcase classname="tests.test_iteration4.TestProfileMultipliers" name="test_aggressive_coffee_rates" time="1.923" /><testcase classname="tests.test_iteration4.TestProfileMultipliers" name="test_mindful_coffee_rates" time="1.990" /><testcase classname="tests.test_iteration4.TestProfileMultipliers" name="test_ethical_coffee_unaffected" time="2.066" /><testcase classname="tests.test_iteration4.TestEthicalPenaltyPrecedence" name="test_mcdonalds_routed_to_ethical_penalty_under_ethical_profile" time="1.926" /><testcase classname="tests.test_iteration4.TestEthicalPenaltyPrecedence" name="test_mcdonalds_routed_to_fast_food_under_balanced" time="1.856" /><testcase classname="tests.test_iteration4.TestSavingsBeast" name="test_auto_transfer_triggered" time="2.010" /><testcase classname="tests.test_iteration4.TestPauseAllTaxes" name="test_pause_short_circuits_process" time="1.907" /><testcase classname="tests.test_iteration4.TestProfileAppliedPersistence" name="test_profile_applied_on_each_event" time="1.944" /><testcase classname="tests.test_iteration4.TestInsightsProfileType" name="test_summary_includes_profile_type" time="0.526" /><testcase classname="tests.test_iteration4.TestRevolutOAuth" name="test_revolut_link_without_token_returns_consent_url" time="0.525" /><testcase classname="tests.test_iteration4.TestRevolutOAuth" name="test_revolut_link_with_token_active_legacy_path" time="0.500" /><testcase classname="tests.test_stub_determinism" name="test_spuerkeess_stub_deterministic_same_second" time="1.753" /><testcase classname="tests.test_stub_determinism" name="test_daily_cap_only_first_coffee_taxed" time="0.938" /></testsuite></testsuites>