<?xml version="1.0" encoding="utf-8"?><testsuites name="pytest tests"><testsuite name="pytest" errors="0" failures="0" skipped="0" tests="20" time="3.310" timestamp="2026-06-14T17:13:26.252774+00:00" hostname="agent-env-dea57316-5616-4353-a1a1-85ace0700ea9"><testcase classname="backend.tests.test_iteration5.TestDefaultDestination" name="test_seeded_default_destination" time="0.307" /><testcase classname="backend.tests.test_iteration5.TestDestinationsCRUD" name="test_create_with_valid_currency" time="0.043" /><testcase classname="backend.tests.test_iteration5.TestDestinationsCRUD" name="test_create_rejects_invalid_currency" time="0.043" /><testcase classname="backend.tests.test_iteration5.TestDestinationsCRUD" name="test_patch_is_default_unsets_others" time="0.133" /><testcase classname="backend.tests.test_iteration5.TestDestinationsCRUD" name="test_delete_default_promotes_another" time="0.132" /><testcase classname="backend.tests.test_iteration5.TestNoRetroactive" name="test_first_sync_ingests_7_no_retroactive" time="0.319" /><testcase classname="backend.tests.test_iteration5.TestNoRetroactive" name="test_second_sync_dedups" time="0.047" /><testcase classname="backend.tests.test_iteration5.TestNoRetroactive" name="test_filter_boundary_directly" time="0.005" /><testcase classname="backend.tests.test_iteration5.TestNoRetroactive" name="test_stub_timestamps_post_connection" time="0.003" /><testcase classname="backend.tests.test_iteration5.TestSourceAwareAndGroupedTransfers" name="test_raw_and_tax_events_have_source" time="0.428" /><testcase classname="backend.tests.test_iteration5.TestSourceAwareAndGroupedTransfers" name="test_instant_transfer_two_groups" time="0.000" /><testcase classname="backend.tests.test_iteration5.TestSourceAwareAndGroupedTransfers" name="test_tax_transfers_doc_shape" time="0.003" /><testcase classname="backend.tests.test_iteration5.TestSourceAwareAndGroupedTransfers" name="test_tax_events_carry_transfer_fields" time="0.003" /><testcase classname="backend.tests.test_iteration5.TestRequiresReview" name="test_no_destination_triggers_review" time="0.515" /><testcase classname="backend.tests.test_iteration5.TestScheduler" name="test_scheduler_manual_daily" time="0.555" /><testcase classname="backend.tests.test_iteration5.TestMonthlyReports" name="test_monthly_json_shape" time="0.006" /><testcase classname="backend.tests.test_iteration5.TestMonthlyReports" name="test_monthly_invalid_month" time="0.085" /><testcase classname="backend.tests.test_iteration5.TestMonthlyReports" name="test_monthly_csv_export" time="0.046" /><testcase classname="backend.tests.test_iteration5.TestLegacyTaxTransfer" name="test_legacy_endpoint_delegates" time="0.468" /><testcase classname="backend.tests.test_iteration5.TestSettingsShape" name="test_settings_returns_transfer_last_run_at" time="0.002" /></testsuite></testsuites>