<?xml version="1.0" encoding="utf-8"?><testsuites name="pytest tests"><testsuite name="pytest" errors="0" failures="1" skipped="0" tests="24" time="5.934" timestamp="2026-06-14T10:59:37.049323+00:00" hostname="agent-env-dea57316-5616-4353-a1a1-85ace0700ea9"><testcase classname="backend.tests.test_eva_backend.TestAuth" name="test_register_login_me" time="0.426" /><testcase classname="backend.tests.test_eva_backend.TestAuth" name="test_login_again" time="0.320" /><testcase classname="backend.tests.test_eva_backend.TestAuth" name="test_patch_me_currency" time="0.088" /><testcase classname="backend.tests.test_eva_backend.TestCategories" name="test_default_seed_includes_keywords" time="0.041" /><testcase classname="backend.tests.test_eva_backend.TestCategories" name="test_create_and_patch_category_persists_new_fields" time="0.217" /><testcase classname="backend.tests.test_eva_backend.TestBankLinking" name="test_link_spuerkeess_returns_no_token" time="0.046" /><testcase classname="backend.tests.test_eva_backend.TestBankLinking" name="test_list_accounts_excludes_token" time="0.041" /><testcase classname="backend.tests.test_eva_backend.TestBankLinking" name="test_relink_deactivates_previous" time="0.123" /><testcase classname="backend.tests.test_eva_backend.TestBankLinking" name="test_delete_account_deactivates" time="0.128" /><testcase classname="backend.tests.test_eva_backend.TestBankSync" name="test_sync_without_accounts_returns_400" time="0.404" /><testcase classname="backend.tests.test_eva_backend.TestBankSync" name="test_first_sync_ingests_7" time="1.233" /><testcase classname="backend.tests.test_eva_backend.TestBankSync" name="test_revolut_sync_error_surfaces" time="0.410" /><testcase classname="backend.tests.test_eva_backend.TestTaxEngine" name="test_process_taxes_spuerkeess" time="0.226" /><testcase classname="backend.tests.test_eva_backend.TestTaxEngine" name="test_repetition_increments_rate_for_coffee" time="0.043" /><testcase classname="backend.tests.test_eva_backend.TestTaxEngine" name="test_daily_cap_skips_second_coffee" time="1.054"><failure message="AssertionError: expected one saved + one skipped, got ['saved', 'saved']&#10;assert ['saved', 'saved'] == ['saved', 'skipped']&#10;  &#10;  At index 1 diff: 'saved' != 'skipped'&#10;  &#10;  Full diff:&#10;    [&#10;        'saved',&#10;  -     'skipped',...&#10;  &#10;  ...Full output truncated (4 lines hidden), use '-vv' to show">backend/tests/test_eva_backend.py:284: in test_daily_cap_skips_second_coffee
    assert statuses == ["saved", "skipped"], f"expected one saved + one skipped, got {statuses}"
E   AssertionError: expected one saved + one skipped, got ['saved', 'saved']
E   assert ['saved', 'saved'] == ['saved', 'skipped']
E     
E     At index 1 diff: 'saved' != 'skipped'
E     
E     Full diff:
E       [
E           'saved',
E     -     'skipped',...
E     
E     ...Full output truncated (4 lines hidden), use '-vv' to show</failure></testcase><testcase classname="backend.tests.test_eva_backend.TestActivity" name="test_activity_can_override_flag" time="0.044" /><testcase classname="backend.tests.test_eva_backend.TestOverride" name="test_override_decrements_bucket" time="0.330" /><testcase classname="backend.tests.test_eva_backend.TestOverride" name="test_override_unknown_event_404" time="0.046" /><testcase classname="backend.tests.test_eva_backend.TestTransfer" name="test_transfer_marks_pending_transferred" time="0.052" /><testcase classname="backend.tests.test_eva_backend.TestTransfer" name="test_transfer_no_pending_returns_zero" time="0.042" /><testcase classname="backend.tests.test_eva_backend.TestInsights" name="test_summary_excludes_overridden" time="0.043" /><testcase classname="backend.tests.test_eva_backend.TestRemovedLegacy" name="test_post_transactions_removed" time="0.041" /><testcase classname="backend.tests.test_eva_backend.TestRemovedLegacy" name="test_get_transactions_removed" time="0.041" /><testcase classname="backend.tests.test_eva_backend.TestBucketsRegression" name="test_bucket_crud_and_default_swap" time="0.369" /></testsuite></testsuites>