<?xml version="1.0" encoding="utf-8"?><testsuites name="pytest tests"><testsuite name="pytest" errors="0" failures="0" skipped="0" tests="13" time="3.813" timestamp="2026-06-14T10:43:54.730188+00:00" hostname="agent-env-dea57316-5616-4353-a1a1-85ace0700ea9"><testcase classname="backend.tests.test_eva_backend" name="test_register_seeds_categories_and_bucket" time="0.533" /><testcase classname="backend.tests.test_eva_backend" name="test_register_duplicate_email" time="0.040" /><testcase classname="backend.tests.test_eva_backend" name="test_login_success" time="0.299" /><testcase classname="backend.tests.test_eva_backend" name="test_login_wrong_password" time="0.300" /><testcase classname="backend.tests.test_eva_backend" name="test_me_with_token" time="0.079" /><testcase classname="backend.tests.test_eva_backend" name="test_me_without_token" time="0.080" /><testcase classname="backend.tests.test_eva_backend" name="test_me_invalid_token" time="0.080" /><testcase classname="backend.tests.test_eva_backend" name="test_patch_currency_persists" time="0.237" /><testcase classname="backend.tests.test_eva_backend" name="test_category_crud" time="0.355" /><testcase classname="backend.tests.test_eva_backend" name="test_bucket_create_default_swaps" time="0.439" /><testcase classname="backend.tests.test_eva_backend" name="test_create_transaction_increments_bucket" time="0.562" /><testcase classname="backend.tests.test_eva_backend" name="test_transaction_invalid_category" time="0.038" /><testcase classname="backend.tests.test_eva_backend" name="test_insights_summary" time="0.682" /></testsuite></testsuites>